<?xml version="1.0" encoding="UTF-8"?>
<robot generator="Robot 7.4.1 (Python 3.14.2 on win32)" generated="2026-01-20T21:53:23.602180" rpa="false" schemaversion="5">
<suite id="s1" name="Signup" source="C:\Users\gabri\OneDrive\Área de Trabalho\Robot\signup.robot">
<test id="s1-t1" name="Cadastro de Novo Usuário com Sucesso" line="6">
<kw name="New Browser" owner="Browser">
<msg time="2026-01-20T21:53:23.854293" level="INFO">{"browser": "chromium", "headless": false, "args": ["--start-maximized"], "chromiumSandbox": false, "devtools": false, "handleSIGHUP": true, "handleSIGINT": true, "handleSIGTERM": true, "slowMo": 0.0, "timeout": 30000.0, "tracesDir": "C:\\Users\\gabri\\OneDrive\\\u00c1rea de Trabalho\\Robot\\log-signup\\browser\\traces\\temp\\270dda68-bc46-425f-b2ce-ee0dd89d6d6f"}</msg>
<msg time="2026-01-20T21:53:23.890753" level="INFO">Starting Browser process C:\Users\gabri\AppData\Local\Programs\Python\Python314\Lib\site-packages\Browser\wrapper\index.js using at 127.0.0.1:64707</msg>
<msg time="2026-01-20T21:53:25.870529" level="INFO">Successfully created browser with options: {"browser":"chromium","headless":false,"args":["--start-maximized"],"chromiumSandbox":false,"devtools":false,"handleSIGHUP":true,"handleSIGINT":true,"handleSIGTERM":true,"slowMo":0,"timeout":30000,"tracesDir":"C:\\Users\\gabri\\OneDrive\\Área de Trabalho\\Robot\\log-signup\\browser\\traces\\temp\\270dda68-bc46-425f-b2ce-ee0dd89d6d6f"}</msg>
<arg>browser=chromium</arg>
<arg>headless=False</arg>
<arg>args=["--start-maximized"]</arg>
<tag>BrowserControl</tag>
<tag>Setter</tag>
<doc>Create a new playwright Browser with specified options.</doc>
<status status="PASS" start="2026-01-20T21:53:23.853444" elapsed="2.017291"/>
</kw>
<kw name="New Context" owner="Browser">
<msg time="2026-01-20T21:53:25.903142" level="INFO">{
  "acceptDownloads": true,
  "bypassCSP": false,
  "forcedColors": "none",
  "ignoreHTTPSErrors": false,
  "javaScriptEnabled": true,
  "offline": false,
  "reducedMotion": "no-preference",
  "serviceWorkers": "allow",
  "viewport": null
}</msg>
<msg time="2026-01-20T21:53:25.950822" level="INFO">Successfully created context. </msg>
<msg time="2026-01-20T21:53:25.950923" level="INFO">{'acceptDownloads': True, 'bypassCSP': False, 'forcedColors': 'none', 'ignoreHTTPSErrors': False, 'javaScriptEnabled': True, 'offline': False, 'reducedMotion': 'no-preference', 'serviceWorkers': 'allow', 'viewport': None}</msg>
<arg>viewport=${None}</arg>
<tag>BrowserControl</tag>
<tag>Setter</tag>
<doc>Create a new BrowserContext with specified options.</doc>
<status status="PASS" start="2026-01-20T21:53:25.899379" elapsed="0.051632"/>
</kw>
<kw name="New Page" owner="Browser">
<msg time="2026-01-20T21:53:26.613947" level="INFO">Successfully initialized new page object and opened url: https://adopet-tau.vercel.app/cadastro</msg>
<arg>https://adopet-tau.vercel.app/cadastro</arg>
<tag>BrowserControl</tag>
<tag>Setter</tag>
<doc>Open a new Page.</doc>
<status status="PASS" start="2026-01-20T21:53:25.958579" elapsed="0.655664"/>
</kw>
<kw name="Wait For Elements State" owner="Browser">
<msg time="2026-01-20T21:53:26.701454" level="INFO">Waited for Element with selector xpath=//button[text()='Cadastrar'] at state visible</msg>
<arg>xpath=//button[text()='Cadastrar']</arg>
<arg>visible</arg>
<arg>5s</arg>
<tag>PageContent</tag>
<tag>Wait</tag>
<doc>Waits for the element found by ``selector`` to satisfy state option.</doc>
<status status="PASS" start="2026-01-20T21:53:26.619499" elapsed="0.082189"/>
</kw>
<kw name="Get Text" owner="Browser">
<msg time="2026-01-20T21:53:26.756191" level="INFO">Text: 'Cadastrar'</msg>
<arg>xpath=//button[text()='Cadastrar']</arg>
<arg>equal</arg>
<arg>Cadastrar</arg>
<tag>Assertion</tag>
<tag>Getter</tag>
<tag>PageContent</tag>
<doc>Returns text attribute of the element found by ``selector``.</doc>
<status status="PASS" start="2026-01-20T21:53:26.709106" elapsed="0.047223"/>
</kw>
<kw name="Fill Text" owner="Browser">
<msg time="2026-01-20T21:53:26.767076" level="INFO">Fills the text 'Teste Robot' in the given field.</msg>
<arg>id=name</arg>
<arg>Teste Robot</arg>
<tag>PageContent</tag>
<tag>Setter</tag>
<doc>Clears and fills the given ``txt`` into the text field found by ``selector``.</doc>
<status status="PASS" start="2026-01-20T21:53:26.766287" elapsed="0.016997"/>
</kw>
<kw name="Fill Text" owner="Browser">
<msg time="2026-01-20T21:53:26.792163" level="INFO">Fills the text 'teste.robot@email.com' in the given field.</msg>
<arg>id=email</arg>
<arg>teste.robot@email.com</arg>
<tag>PageContent</tag>
<tag>Setter</tag>
<doc>Clears and fills the given ``txt`` into the text field found by ``selector``.</doc>
<status status="PASS" start="2026-01-20T21:53:26.791601" elapsed="0.022785"/>
</kw>
<kw name="Fill Text" owner="Browser">
<msg time="2026-01-20T21:53:26.819771" level="INFO">Fills the text 'Robot@123456' in the given field.</msg>
<arg>id=pass-create</arg>
<arg>Robot@123456</arg>
<tag>PageContent</tag>
<tag>Setter</tag>
<doc>Clears and fills the given ``txt`` into the text field found by ``selector``.</doc>
<status status="PASS" start="2026-01-20T21:53:26.819241" elapsed="0.017089"/>
</kw>
<kw name="Fill Text" owner="Browser">
<msg time="2026-01-20T21:53:26.847322" level="INFO">Fills the text 'Robot@123456' in the given field.</msg>
<arg>id=pass-confirm</arg>
<arg>Robot@123456</arg>
<tag>PageContent</tag>
<tag>Setter</tag>
<doc>Clears and fills the given ``txt`` into the text field found by ``selector``.</doc>
<status status="PASS" start="2026-01-20T21:53:26.846680" elapsed="0.015578"/>
</kw>
<kw name="Click" owner="Browser">
<msg time="2026-01-20T21:53:26.880275" level="INFO">Clicks the element 'xpath=//button[text()='Cadastrar']'.</msg>
<arg>xpath=//button[text()='Cadastrar']</arg>
<tag>PageContent</tag>
<tag>Setter</tag>
<doc>Simulates mouse click on the element found by ``selector``.</doc>
<status status="PASS" start="2026-01-20T21:53:26.879530" elapsed="1.143730"/>
</kw>
<kw name="Get Url" owner="Browser">
<arg>equal</arg>
<arg>https://adopet-tau.vercel.app/login</arg>
<tag>Assertion</tag>
<tag>Getter</tag>
<tag>PageContent</tag>
<doc>Returns the current URL.</doc>
<status status="PASS" start="2026-01-20T21:53:28.023616" elapsed="0.005683"/>
</kw>
<kw name="Sleep" owner="BuiltIn">
<msg time="2026-01-20T21:53:31.030694" level="INFO">Slept 3 seconds.</msg>
<arg>3s</arg>
<doc>Pauses the test executed for the given time.</doc>
<status status="PASS" start="2026-01-20T21:53:28.029700" elapsed="3.001113"/>
</kw>
<kw name="Take Screenshot" owner="Browser">
<msg time="2026-01-20T21:53:31.170913" level="INFO" html="true">&lt;/td&gt;&lt;/tr&gt;&lt;tr&gt;&lt;td colspan="3"&gt;&lt;a href="browser/screenshot/robotframework-browser-screenshot-1.png" target="_blank"&gt;&lt;img src="browser/screenshot/robotframework-browser-screenshot-1.png" width="800px"/&gt;&lt;/a&gt;</msg>
<tag>PageContent</tag>
<doc>Takes a screenshot of the current window or element and saves it to disk.</doc>
<status status="PASS" start="2026-01-20T21:53:31.031190" elapsed="0.139861"/>
</kw>
<kw name="Close Browser" owner="Browser">
<msg time="2026-01-20T21:53:31.568386" level="INFO">Closed browser</msg>
<tag>BrowserControl</tag>
<tag>Setter</tag>
<doc>Closes the current browser.</doc>
<status status="PASS" start="2026-01-20T21:53:31.171520" elapsed="0.397030"/>
</kw>
<status status="PASS" start="2026-01-20T21:53:23.852370" elapsed="7.716837"/>
</test>
<doc>Cenários de testes de cadastro de usuário</doc>
<status status="PASS" start="2026-01-20T21:53:23.604011" elapsed="7.971022"/>
</suite>
<statistics>
<total>
<stat pass="1" fail="0" skip="0">All Tests</stat>
</total>
<tag>
</tag>
<suite>
<stat name="Signup" id="s1" pass="1" fail="0" skip="0">Signup</stat>
</suite>
</statistics>
<errors>
</errors>
</robot>
